2025-09-18T04:21:50.360Z GET / 200 2830 - 6.510 ms
2025-09-18T04:21:50.432Z GET /styles.css 200 2648 - 1.617 ms
2025-09-18T04:21:50.440Z GET /app.js 200 3500 - 6.122 ms
2025-09-18T04:21:50.820Z GET /favicon.ico 404 150 - 1.920 ms
2025-09-18T04:21:59.286Z GET /api/search?q=Va 200 14 - 224.736 ms
2025-09-18T04:22:01.726Z GET /api/search?q=Inceptio 200 14 - 139.239 ms
2025-09-18T04:22:02.027Z GET /api/search?q=Inception 200 14 - 82.719 ms
2025-09-18T04:22:08.917Z GET /api/spike?ms=5000 200 43 - 5000.918 ms
2025-09-18T04:22:19.560Z GET /api/search?q=Hello 200 14 - 159.697 ms
2025-09-18T04:22:23.125Z GET /api/search?q=Bahubali 200 14 - 122.884 ms
2025-09-18T04:22:27.297Z GET /api/search?q=Bahuba 200 14 - 151.471 ms
2025-09-18T04:22:27.492Z GET /api/search?q=Bahubai 200 14 - 142.101 ms
2025-09-18T04:22:28.180Z GET /api/search?q=Bahubali 304 - - 82.083 ms
2025-09-18T04:22:33.508Z GET /api/spike?ms=5000 200 43 - 5003.817 ms
2025-09-18T04:22:39.691Z GET / 200 2830 - 1.208 ms
2025-09-18T04:28:14.501Z GET /api/ping 200 45 - 1.064 ms
2025-09-18T04:28:14.751Z GET /api/search?q=inception 200 14 - 239.979 ms
2025-09-18T04:28:14.899Z GET /api/movie?title=Inception 404 21 - 138.137 ms
2025-09-18T04:28:15.033Z GET /api/movie?id=tt1375666 404 21 - 125.194 ms
2025-09-18T04:28:54.051Z GET /api/ping 200 45 - 1.050 ms
2025-09-18T04:28:54.775Z GET /api/search?q=inception 200 1382 - 716.491 ms
2025-09-18T04:28:55.007Z GET /api/movie?title=Inception 200 238 - 221.256 ms
2025-09-18T04:28:55.151Z GET /api/movie?id=tt1375666 200 238 - 135.787 ms
2025-09-18T04:29:04.899Z GET /api/spike?ms=5000 200 44 - 4999.840 ms
2025-09-18T04:29:18.187Z GET / 200 2689 - 6.668 ms
2025-09-18T04:29:18.256Z GET /styles.css 200 2648 - 1.699 ms
2025-09-18T04:29:18.264Z GET /app.js 200 3696 - 5.826 ms
2025-09-18T04:29:18.299Z GET /favicon.ico - - - - ms
2025-09-18T04:29:21.399Z GET /api/search?q=Inc 200 1469 - 415.310 ms
2025-09-18T04:29:21.897Z GET /api/search?q=Inceptio 200 14 - 219.584 ms
2025-09-18T04:29:22.204Z GET /api/search?q=Inception 200 1382 - 149.487 ms
2025-09-18T04:29:24.197Z GET /api/movie?id=tt1375666 200 238 - 131.329 ms
2025-09-18T04:32:13.522Z GET / 304 - - 4.776 ms
2025-09-18T04:32:13.567Z GET /styles.css 200 3233 - 4.090 ms
2025-09-18T04:32:13.573Z GET /app.js 200 4358 - 8.257 ms
2025-09-18T04:32:13.602Z GET /favicon.ico - - - - ms
2025-09-18T04:32:16.127Z GET / 304 - - 0.625 ms
2025-09-18T04:32:16.175Z GET /app.js 304 - - 0.902 ms
2025-09-18T04:32:16.181Z GET /styles.css 304 - - 1.666 ms
2025-09-18T04:34:00.291Z GET / 200 2668 - 1.308 ms
2025-09-18T04:34:00.338Z GET /styles.css 200 3233 - 1.381 ms
2025-09-18T04:34:00.340Z GET /app.js 304 - - 0.634 ms
2025-09-18T04:34:00.377Z GET /favicon.ico - - - - ms
2025-09-18T04:34:15.571Z GET / 200 2582 - 1.286 ms
2025-09-18T04:34:15.612Z GET /app.js 304 - - 0.623 ms
2025-09-18T04:34:15.616Z GET /styles.css 200 3233 - 1.135 ms
2025-09-18T04:34:15.642Z GET /favicon.ico - - - - ms
2025-09-18T04:35:39.471Z GET / 200 2673 - 1.091 ms
2025-09-18T04:35:39.512Z GET /styles.css 200 3233 - 1.257 ms
2025-09-18T04:35:39.514Z GET /app.js 304 - - 0.984 ms
2025-09-18T04:35:39.562Z GET /favicon.ico - - - - ms
2025-09-18T04:36:07.243Z GET / 200 2702 - 1.542 ms
2025-09-18T04:36:07.287Z GET /styles.css 200 3233 - 1.027 ms
2025-09-18T04:36:07.290Z GET /app.js 304 - - 0.470 ms
2025-09-18T04:36:07.314Z GET /favicon.ico - - - - ms
2025-09-18T04:36:24.019Z GET /api/search?q=Bahuba 304 - - 275.113 ms
2025-09-18T04:36:24.218Z GET /api/search?q=Bahubai 304 - - 215.512 ms
2025-09-18T04:36:24.564Z GET /api/search?q=Bahuba 304 - - 92.792 ms
2025-09-18T04:36:25.027Z GET /api/movie?title=Bahuba 404 21 - 160.371 ms
2025-09-18T04:36:26.357Z GET /api/movie?title=Bahuba 404 21 - 78.203 ms
2025-09-18T04:36:28.297Z GET /api/search?q=Bahubali 200 495 - 132.554 ms
2025-09-18T04:36:36.893Z GET /api/search?q=dISHOO 200 14 - 175.798 ms
2025-09-18T04:36:37.059Z GET /api/search?q=dISHOOM 200 194 - 192.379 ms
2025-09-18T04:36:37.152Z GET /api/movie?title=dISHOOM 200 320 - 191.100 ms
2025-09-18T04:37:54.490Z GET / 200 2702 - 1.132 ms
2025-09-18T04:37:54.545Z GET /styles.css 200 3233 - 1.060 ms
2025-09-18T04:37:54.548Z GET /app.js 304 - - 0.650 ms
2025-09-18T04:37:54.579Z GET /favicon.ico - - - - ms
2025-09-18T04:38:22.290Z GET / 200 2731 - 0.868 ms
2025-09-18T04:38:22.338Z GET /app.js 304 - - 0.516 ms
2025-09-18T04:38:22.341Z GET /styles.css 200 3233 - 0.907 ms
2025-09-18T04:38:22.369Z GET /favicon.ico - - - - ms
2025-09-18T05:51:48.937Z GET / 304 - - 4.761 ms
2025-09-18T05:51:48.988Z GET /styles.css 200 3261 - 3.081 ms
2025-09-18T05:51:49.003Z GET /app.js 200 4492 - 7.340 ms
2025-09-18T05:51:49.035Z GET /favicon.ico 404 150 - 1.789 ms
2025-09-18T05:51:52.480Z GET /api/search?q=Bahuba 200 14 - 310.649 ms
2025-09-18T05:51:52.594Z GET /api/search?q=Bahubai 200 14 - 188.289 ms
2025-09-18T05:51:52.926Z GET /api/search?q=Bahuba 304 - - 102.784 ms
2025-09-18T05:51:53.452Z GET /api/search?q=Bahubali 200 495 - 196.695 ms
2025-09-18T05:51:56.651Z GET /api/search?q=Sl 200 14 - 153.553 ms
2025-09-18T05:51:57.256Z GET /api/search?q=Sal 200 1480 - 184.070 ms
2025-09-18T05:51:57.655Z GET /api/search?q=Salaa 200 431 - 181.334 ms
2025-09-18T05:51:58.306Z GET /api/search?q=Salaar 200 393 - 148.867 ms
2025-09-18T05:52:00.803Z GET /api/movie?id=tt13927994 200 438 - 1188.101 ms
2025-09-18T05:57:37.443Z GET / 304 - - 0.693 ms
2025-09-18T05:57:37.481Z GET /styles.css 304 - - 0.376 ms
2025-09-18T05:57:37.484Z GET /app.js 304 - - 0.367 ms
2025-09-18T05:57:40.317Z GET /api/search?q=Salaa 304 - - 221.519 ms
2025-09-18T05:57:40.493Z GET /api/search?q=Salaar 304 - - 186.099 ms
2025-09-18T05:57:41.904Z GET /api/movie?id=tt13927994 304 - - 144.454 ms
2025-09-18T06:03:56.520Z GET / 200 2657 - 2.671 ms
2025-09-18T06:03:56.560Z GET /styles.css 200 3261 - 0.955 ms
2025-09-18T06:03:56.569Z GET /app.js 200 4278 - 7.066 ms
2025-09-18T06:03:56.598Z GET /favicon.ico 404 150 - 0.863 ms
2025-09-18T06:04:16.428Z GET / 200 2657 - 1.280 ms
2025-09-18T06:04:16.475Z GET /app.js 304 - - 0.656 ms
2025-09-18T06:04:16.478Z GET /styles.css 200 3261 - 0.912 ms
2025-09-18T06:04:16.515Z GET /favicon.ico - - - - ms
2025-09-18T06:04:45.889Z GET / 304 - - 0.462 ms
2025-09-18T06:04:45.939Z GET /styles.css 304 - - 1.107 ms
2025-09-18T06:04:45.943Z GET /app.js 200 4493 - 6.696 ms
2025-09-18T06:04:45.972Z GET /favicon.ico - - - - ms
2025-09-18T06:04:52.889Z GET / 304 - - 4.897 ms
2025-09-18T06:04:52.940Z GET /app.js 304 - - 1.044 ms
2025-09-18T06:04:52.942Z GET /styles.css 304 - - 0.538 ms
2025-09-18T06:05:16.066Z GET / 304 - - 0.573 ms
2025-09-18T06:05:16.108Z GET /styles.css 304 - - 0.465 ms
2025-09-18T06:05:16.113Z GET /app.js 200 4492 - 7.427 ms
2025-09-18T06:05:16.145Z GET /favicon.ico - - - - ms
2025-09-18T06:05:48.011Z GET / 200 2580 - 1.597 ms
2025-09-18T06:05:48.094Z GET /app.js 304 - - 0.842 ms
2025-09-18T06:05:48.097Z GET /styles.css 200 3261 - 1.133 ms
2025-09-18T06:05:48.148Z GET /favicon.ico - - - - ms
2025-09-18T06:06:00.474Z GET / 200 2580 - 6.562 ms
2025-09-18T06:06:00.547Z GET /styles.css 304 - - 1.301 ms
2025-09-18T06:06:00.548Z GET /app.js 304 - - 0.560 ms
2025-09-18T06:06:01.569Z GET / 304 - - 0.517 ms
2025-09-18T06:06:01.638Z GET /styles.css 304 - - 0.577 ms
2025-09-18T06:06:01.639Z GET /app.js 304 - - 0.380 ms
2025-09-18T06:06:32.296Z GET / 200 2499 - 1.265 ms
2025-09-18T06:06:32.362Z GET /styles.css 304 - - 0.726 ms
2025-09-18T06:06:32.365Z GET /app.js 304 - - 0.855 ms
2025-09-18T06:06:33.269Z GET / 304 - - 0.532 ms
2025-09-18T06:06:33.392Z GET /styles.css 304 - - 0.736 ms
2025-09-18T06:06:33.393Z GET /app.js 304 - - 1.080 ms
2025-09-18T06:08:33.609Z GET / 200 2498 - 1.028 ms
2025-09-18T06:08:33.703Z GET /styles.css 200 3261 - 1.164 ms
2025-09-18T06:08:33.706Z GET /app.js 304 - - 0.325 ms
2025-09-18T06:08:34.133Z GET /favicon.ico - - - - ms
2025-09-18T06:08:37.422Z GET /api/search?q=Inc 200 1469 - 407.747 ms
2025-09-18T06:08:37.511Z GET /api/search?q=Incep 200 14 - 168.536 ms
2025-09-18T06:08:39.794Z GET /api/search?q=Inceptio 200 14 - 162.363 ms
2025-09-18T06:08:40.032Z GET /api/search?q=Inception 200 1382 - 187.542 ms
2025-09-18T06:08:40.456Z GET /api/movie?title=Inception 200 432 - 441.710 ms
2025-09-18T06:08:48.747Z GET /api/movie?id=tt1375666 200 432 - 187.718 ms
2025-09-18T06:11:58.174Z GET / 304 - - 0.561 ms
2025-09-18T06:11:58.226Z GET /styles.css 304 - - 0.320 ms
2025-09-18T06:11:58.229Z GET /app.js 304 - - 0.293 ms
2025-09-18T06:12:04.459Z GET /api/search?q=Disho 200 14 - 455.916 ms
2025-09-18T06:12:04.617Z GET /api/search?q=Dishoo 200 14 - 197.590 ms
2025-09-18T06:12:04.933Z GET /api/search?q=Dishoom 200 194 - 373.272 ms
2025-09-18T06:12:05.892Z GET /api/movie?id=tt3679060 200 446 - 149.839 ms
2025-09-18T06:13:10.941Z GET /api/debug-tmdb/tt4780856 404 163 - 1.054 ms
2025-09-18T06:13:54.219Z GET / 200 2498 - 6.461 ms
2025-09-18T06:13:54.265Z GET /styles.css 200 3261 - 1.573 ms
2025-09-18T06:13:54.269Z GET /app.js 304 - - 0.967 ms
2025-09-18T06:13:54.312Z GET /favicon.ico - - - - ms
2025-09-18T06:13:56.991Z GET /api/search?q=Dishoom 304 - - 228.977 ms
2025-09-18T06:13:58.403Z GET /api/movie?id=tt3679060 200 640 - 386.784 ms
2025-09-18T06:14:05.259Z GET /api/debug-tmdb/tt4780856 200 153 - 141.167 ms
2025-09-18T06:14:05.308Z GET /favicon.ico 404 150 - 1.852 ms
2025-09-18T06:15:36.303Z GET / 304 - - 0.876 ms
2025-09-18T06:15:36.540Z GET /styles.css 200 3279 - 0.973 ms
2025-09-18T06:15:36.548Z GET /app.js 304 - - 0.420 ms
2025-09-18T06:15:39.454Z GET /api/search?q=Salaa 304 - - 200.590 ms
2025-09-18T06:15:40.710Z GET /api/search?q=Salaar 304 - - 243.780 ms
2025-09-18T06:15:41.953Z GET /api/movie?id=tt13927994 200 680 - 404.839 ms
2025-09-18T06:17:20.389Z GET / 200 2498 - 1.068 ms
2025-09-18T06:17:20.435Z GET /styles.css 200 3292 - 0.911 ms
2025-09-18T06:17:20.438Z GET /app.js 304 - - 0.566 ms
2025-09-18T06:17:20.488Z GET /favicon.ico - - - - ms
2025-09-18T06:17:24.488Z GET /api/search?q=Bahubali 304 - - 228.870 ms
2025-09-18T06:17:27.871Z GET /api/search?q=Bahubali 304 - - 81.262 ms
2025-09-18T06:17:28.243Z GET /api/search?q=Bahubali%202 200 14 - 157.209 ms
2025-09-18T06:17:28.688Z GET /api/search?q=Bahubali%202015 200 14 - 162.330 ms
2025-09-18T06:17:30.633Z GET /api/search?q=Bahubali 304 - - 81.959 ms
2025-09-18T06:17:33.936Z GET /api/search?q=Pudh 200 14 - 146.958 ms
2025-09-18T06:17:35.136Z GET /api/search?q=Pushpa 200 1455 - 159.796 ms
2025-09-18T06:17:36.556Z GET /api/movie?id=tt9389998 200 651 - 505.034 ms
2025-09-18T06:19:00.702Z GET / 200 2498 - 1.347 ms
2025-09-18T06:19:00.748Z GET /styles.css 200 3292 - 1.258 ms
2025-09-18T06:19:00.750Z GET /app.js 304 - - 0.350 ms
2025-09-18T06:19:00.787Z GET /favicon.ico 404 150 - 0.502 ms
2025-09-18T06:19:03.447Z GET /api/search?q=Salaar 200 393 - 288.169 ms
2025-09-18T06:19:04.510Z GET /api/movie?id=tt13927994 200 680 - 314.795 ms
2025-09-18T06:19:15.952Z GET / 304 - - 0.400 ms
2025-09-18T06:19:16.092Z GET /app.js 304 - - 0.430 ms
2025-09-18T06:19:16.096Z GET /styles.css 200 3292 - 1.690 ms
2025-09-18T06:19:16.163Z GET /favicon.ico 404 150 - 0.822 ms
2025-09-18T06:19:19.002Z GET /api/search?q=Inc 304 - - 486.905 ms
2025-09-18T06:19:19.015Z GET /api/search?q=Ince 200 1133 - 171.224 ms
2025-09-18T06:19:19.619Z GET /api/search?q=Inceptio 304 - - 140.160 ms
2025-09-18T06:19:19.854Z GET /api/search?q=Inception 304 - - 141.585 ms
2025-09-18T06:19:20.180Z GET /api/movie?title=Inception 200 620 - 383.155 ms
2025-09-18T06:19:20.237Z GET /api/search?q=Incep 304 - - 1158.291 ms
2025-09-18T06:19:21.467Z GET /api/movie?id=tt1375666 200 620 - 420.611 ms
2025-09-18T06:19:34.652Z GET / 200 2498 - 1.495 ms
2025-09-18T06:19:34.702Z GET /styles.css 200 3292 - 1.168 ms
2025-09-18T06:19:34.704Z GET /app.js 304 - - 0.421 ms
2025-09-18T06:19:34.734Z GET /favicon.ico - - - - ms
2025-09-18T06:19:38.109Z GET /api/search?q=Inception 304 - - 122.307 ms
2025-09-18T06:19:38.209Z GET /api/movie?title=Inception 200 620 - 248.005 ms
2025-09-18T06:19:42.058Z GET /api/movie?id=tt1375666 200 620 - 137.053 ms
2025-09-18T06:20:40.372Z GET / 200 2498 - 1.119 ms
2025-09-18T06:20:40.415Z GET /app.js 304 - - 0.641 ms
2025-09-18T06:20:40.418Z GET /styles.css 200 3311 - 0.845 ms
2025-09-18T06:20:40.461Z GET /favicon.ico - - - - ms
2025-09-18T06:21:15.339Z GET / 200 2498 - 1.421 ms
2025-09-18T06:21:15.383Z GET /styles.css 200 3334 - 1.584 ms
2025-09-18T06:21:15.384Z GET /app.js 304 - - 0.321 ms
2025-09-18T06:21:15.408Z GET /favicon.ico - - - - ms
2025-09-18T06:22:03.298Z GET / 200 2498 - 0.912 ms
2025-09-18T06:22:03.346Z GET /styles.css 200 3464 - 1.916 ms
2025-09-18T06:22:03.348Z GET /app.js 304 - - 0.600 ms
2025-09-18T06:22:03.392Z GET /favicon.ico - - - - ms
2025-09-18T06:22:18.996Z GET / 200 2498 - 0.802 ms
2025-09-18T06:22:19.040Z GET /styles.css 200 3464 - 0.850 ms
2025-09-18T06:22:19.042Z GET /app.js 304 - - 0.435 ms
2025-09-18T06:22:19.072Z GET /favicon.ico - - - - ms
2025-09-18T06:22:27.396Z GET / 304 - - 0.398 ms
2025-09-18T06:22:27.448Z GET /app.js 304 - - 0.373 ms
2025-09-18T06:22:27.452Z GET /styles.css 200 3464 - 0.907 ms
2025-09-18T06:22:27.488Z GET /favicon.ico - - - - ms
2025-09-18T06:22:44.597Z GET / 304 - - 0.537 ms
2025-09-18T06:22:44.645Z GET /styles.css 200 3464 - 0.728 ms
2025-09-18T06:22:44.648Z GET /app.js 304 - - 0.410 ms
2025-09-18T06:22:44.688Z GET /favicon.ico - - - - ms
2025-09-18T06:23:09.028Z GET / 200 2503 - 0.965 ms
2025-09-18T06:23:09.070Z GET /app.js 304 - - 0.333 ms
2025-09-18T06:23:09.074Z GET /styles.css 200 3464 - 0.806 ms
2025-09-18T06:23:09.107Z GET /favicon.ico 404 150 - 0.777 ms
2025-09-18T06:23:20.851Z GET / 200 2500 - 0.907 ms
2025-09-18T06:23:20.893Z GET /app.js 304 - - 1.070 ms
2025-09-18T06:23:20.894Z GET /styles.css 200 3464 - 2.302 ms
2025-09-18T06:23:20.923Z GET /favicon.ico - - - - ms
2025-09-18T06:23:47.740Z GET / 200 2509 - 1.105 ms
2025-09-18T06:23:47.788Z GET /styles.css 200 3464 - 0.839 ms
2025-09-18T06:23:47.790Z GET /app.js 304 - - 0.414 ms
2025-09-18T06:23:47.821Z GET /favicon.ico - - - - ms
2025-09-18T06:24:03.436Z GET /api/search?q=Jab%20t 200 14 - 230.969 ms
2025-09-18T06:24:03.910Z GET /api/search?q=Jab%20T 200 14 - 160.089 ms
2025-09-18T06:24:04.553Z GET /api/search?q=Jab%20Tak 200 415 - 429.923 ms
2025-09-18T06:24:04.920Z GET /api/search?q=Jab%20Tak%20H 200 14 - 418.870 ms
2025-09-18T06:24:05.294Z GET /api/search?q=Jab%20Tak%20HAI 200 415 - 236.090 ms
2025-09-18T06:24:05.586Z GET /api/search?q=Jab%20Tak%20HAI%5C 200 415 - 232.189 ms
2025-09-18T06:24:05.910Z GET /api/search?q=Jab%20Tak%20HAI 304 - - 119.733 ms
2025-09-18T06:24:05.912Z GET /api/search?q=Jab%20Tak%20HA 200 14 - 1162.970 ms
2025-09-18T06:24:06.169Z GET /api/search?q=Jab%20Tak%20HA 304 - - 84.889 ms
2025-09-18T06:24:09.408Z GET /api/search?q=Jab%20Tak%20Hai 200 415 - 165.550 ms
2025-09-18T06:24:10.698Z GET /api/movie?id=tt2176013 200 629 - 475.597 ms
2025-09-18T07:23:59.910Z GET /api/search?q=War 200 1476 - 751.755 ms
2025-09-18T07:24:04.724Z GET /api/search?q=War 304 - - 109.448 ms
2025-09-18T07:24:06.372Z GET /api/search?q=War%202 200 1565 - 158.306 ms
2025-09-18T07:24:09.833Z GET /api/search?q=War%202%5C 200 1565 - 188.480 ms
2025-09-18T07:24:10.443Z GET /api/search?q=War%202%5C7 200 14 - 189.330 ms
2025-09-18T07:24:10.730Z GET /api/search?q=War%202%5C77 200 14 - 146.089 ms
2025-09-18T07:24:11.826Z GET /api/search?q=War%202%5C7 304 - - 282.710 ms
2025-09-18T07:24:11.904Z GET /api/search?q=War%202%5C 304 - - 141.332 ms
2025-09-18T07:24:12.708Z GET /api/search?q=War%202 304 - - 82.166 ms
2025-09-18T07:24:13.951Z GET /api/movie?id=tt27425164 200 646 - 435.205 ms
2025-09-18T07:24:20.359Z GET /api/search?q=Vikram 200 1516 - 128.249 ms
2025-09-18T07:24:20.702Z GET /api/search?q=Vikram 304 - - 81.761 ms
2025-09-18T07:24:22.903Z GET /api/movie?id=tt13131350 200 626 - 730.679 ms
2025-09-19T05:23:46.247Z GET / 200 2509 - 6.689 ms
2025-09-19T05:23:46.313Z GET /styles.css 200 3632 - 2.001 ms
2025-09-19T05:23:46.323Z GET /app.js 304 - - 1.664 ms
2025-09-19T05:23:46.513Z GET /favicon.ico 404 150 - 2.128 ms
2025-09-19T05:23:52.870Z GET /api/search?q=Oppen 200 391 - 318.842 ms
2025-09-19T05:23:52.937Z GET /api/search?q=Oppenh 200 14 - 167.967 ms
2025-09-19T05:23:56.522Z GET /api/search?q=Oppenhei 200 14 - 183.895 ms
2025-09-19T05:23:56.700Z GET /api/search?q=Oppenheim 200 1365 - 148.905 ms
2025-09-19T05:23:58.508Z GET /api/search?q=Oppenheimer 200 1662 - 163.090 ms
2025-09-19T05:23:59.632Z GET /api/movie?title=Oppenheim 200 572 - 3038.336 ms
2025-09-19T05:24:00.122Z GET /api/movie?id=tt15398776 200 653 - 358.680 ms
2025-09-19T05:24:07.020Z GET /api/search?q=The 200 14 - 146.843 ms
2025-09-19T05:24:08.891Z GET /api/search?q=The%20Dark 200 1492 - 1211.766 ms
2025-09-19T05:24:08.925Z GET /api/search?q=The%20Dark 200 1492 - 994.178 ms
2025-09-19T05:24:09.131Z GET /api/search?q=The%20Dark 304 - - 81.987 ms
2025-09-19T05:24:11.094Z GET /api/movie?title=The%20Dark 200 549 - 2076.412 ms
2025-09-19T05:24:11.096Z GET /api/movie?title=The%20Dark 200 549 - 3137.483 ms
2025-09-19T05:24:13.681Z GET /api/movie?id=tt0468569 200 619 - 2839.197 ms
